<?xml version="1.0" encoding="UTF-8"?>
<!-- Generated by org.testng.reporters.JUnitXMLReporter -->
<testsuite ignored="0" hostname="Karan-Lenovo" failures="2" tests="5" name="Test" time="47.818" errors="0" timestamp="2024-08-04T09:34:11 IST">
  <testcase classname="com.fitpeoFunctionTest.FitpeoFunctionalTest" name="user_click_on_revenue_calculator_menu_button" time="0.672"/>
  <testcase classname="com.fitpeoFunctionTest.FitpeoFunctionalTest" name="user_lands_on_revenue_calculator_page" time="0.039">
    <failure type="java.lang.AssertionError" message="expected [false] but found [true]">
      <![CDATA[java.lang.AssertionError: expected [false] but found [true]
at com.fitpeoFunctionTest.FitpeoFunctionalTest.user_lands_on_revenue_calculator_page(FitpeoFunctionalTest.java:42)
at java.base/java.util.concurrent.ThreadPoolExecutor.runWorker(ThreadPoolExecutor.java:1136)
at java.base/java.util.concurrent.ThreadPoolExecutor$Worker.run(ThreadPoolExecutor.java:635)
at java.base/java.lang.Thread.run(Thread.java:833)
... Removed 19 stack frames]]>
    </failure>
  </testcase> <!-- user_lands_on_revenue_calculator_page -->
  <testcase classname="com.fitpeoFunctionTest.ReimbursementFunctionalTest" name="validate_total_recurring_reimbursement" time="25.119">
    <failure type="java.lang.AssertionError" message="The following asserts failed:
	expected [$110700] but found [$27000]">
      <![CDATA[java.lang.AssertionError: The following asserts failed:
expected [$110700] but found [$27000]
at com.fitpeoFunctionTest.ReimbursementFunctionalTest.validate_total_recurring_reimbursement(ReimbursementFunctionalTest.java:51)
at java.base/java.util.concurrent.ThreadPoolExecutor.runWorker(ThreadPoolExecutor.java:1136)
at java.base/java.util.concurrent.ThreadPoolExecutor$Worker.run(ThreadPoolExecutor.java:635)
at java.base/java.lang.Thread.run(Thread.java:833)
... Removed 14 stack frames]]>
    </failure>
  </testcase> <!-- validate_total_recurring_reimbursement -->
  <testcase classname="com.fitpeoFunctionTest.ValidateRevenuePage" name="user_scroll_the_page_till_slide_bar_is_visible_slide_the_bar_as_requested_by_use" time="30.041"/>
  <testcase classname="com.fitpeoFunctionTest.ValidateRevenuePage" name="value_should_be_updated_in_text_field" time="6.021"/>
</testsuite> <!-- Test -->
